<?xml version="1.0" encoding="UTF-8" ?>
<testsuite errors="0" failures="0" hostname="DESKTOP-URUNQ5U" name="seguridad.accesoadatos.ComunDBTest" skipped="0" tests="6" time="1.239" timestamp="2021-06-19T02:25:24">
  <properties>
[...]
</properties>
  <testcase classname="seguridad.accesoadatos.ComunDBTest" name="testObtenerResultSet_Statement_String" time="0.888" />
  <testcase classname="seguridad.accesoadatos.ComunDBTest" name="testObtenerConexion" time="0.04" />
  <testcase classname="seguridad.accesoadatos.ComunDBTest" name="testObtenerResultSet_PreparedStatement" time="0.05" />
  <testcase classname="seguridad.accesoadatos.ComunDBTest" name="testCreatePreparedStatement" time="0.032" />
  <testcase classname="seguridad.accesoadatos.ComunDBTest" name="testCreateStatement" time="0.033" />
  <testcase classname="seguridad.accesoadatos.ComunDBTest" name="testEjecutarSQL" time="0.09" />
  <system-out><![CDATA[ObtenerResultSet
ObtenerConexion
ObtenerResultSet
createPreparedStatement
createStatement
EjecutarSQL
]]></system-out>
  <system-err><![CDATA[]]></system-err>
</testsuite>
